>> Loading device
>> Loading model
>>>>    Running on input feature WM \ model name DAN \ dataset Affectnet-WM-RR      >>>>>
******************************************************
>> Loading base dataset
Whole train set size: 7153
Validation set size: 1527
>> Loading optimizer, criterition, logger
[>] Begin Training ---------------------------------------------
[-] TRAIN [ 1/60] | L=1.0186 | Ls=1.1914 | Ls=0.0074 | Lsc=2.2174 | acc=0.4812 | rec=0.4863 | f1=0.4532 | aucpr=0.4566 | aucroc=0.6385
[-] VALID [01/60] | L=0.8862 | Ls=1.0605 | Ls=0.0028 | Lsc=1.9496 | acc=0.5927 | rec=0.5922 | f1=0.5352 | aucpr=0.5526 | aucroc=0.7349
[*] epoch time = 25.31s | lr = 0.0001

[-] TRAIN [ 2/60] | L=0.8715 | Ls=1.0257 | Ls=0.0052 | Lsc=1.9023 | acc=0.5824 | rec=0.5848 | f1=0.5616 | aucpr=0.5615 | aucroc=0.7214
[-] VALID [02/60] | L=0.8160 | Ls=0.9838 | Ls=0.0037 | Lsc=1.8035 | acc=0.6293 | rec=0.6288 | f1=0.6031 | aucpr=0.6248 | aucroc=0.7873
[*] epoch time = 23.84s | lr = 6e-05

[-] TRAIN [ 3/60] | L=0.8218 | Ls=0.9729 | Ls=0.0052 | Lsc=1.7999 | acc=0.6158 | rec=0.6141 | f1=0.6082 | aucpr=0.6076 | aucroc=0.7659
[-] VALID [03/60] | L=0.7548 | Ls=0.9518 | Ls=0.0033 | Lsc=1.7098 | acc=0.6640 | rec=0.6637 | f1=0.6423 | aucpr=0.6585 | aucroc=0.8085
[*] epoch time = 23.68s | lr = 3.6e-05

[-] TRAIN [ 4/60] | L=0.7897 | Ls=0.9503 | Ls=0.0046 | Lsc=1.7446 | acc=0.6355 | rec=0.6364 | f1=0.6319 | aucpr=0.6394 | aucroc=0.7882
[-] VALID [04/60] | L=0.7358 | Ls=0.9325 | Ls=0.0026 | Lsc=1.6709 | acc=0.6562 | rec=0.6558 | f1=0.6383 | aucpr=0.6714 | aucroc=0.8204
[*] epoch time = 22.95s | lr = 2.16e-05

[-] TRAIN [ 5/60] | L=0.7660 | Ls=0.9364 | Ls=0.0045 | Lsc=1.7069 | acc=0.6455 | rec=0.6463 | f1=0.6418 | aucpr=0.6638 | aucroc=0.8057
[-] VALID [05/60] | L=0.7155 | Ls=0.9229 | Ls=0.0028 | Lsc=1.6413 | acc=0.6686 | rec=0.6683 | f1=0.6613 | aucpr=0.6892 | aucroc=0.8310
[*] epoch time = 24.30s | lr = 1.296e-05

[-] TRAIN [ 6/60] | L=0.7714 | Ls=0.9285 | Ls=0.0046 | Lsc=1.7046 | acc=0.6439 | rec=0.6476 | f1=0.6402 | aucpr=0.6631 | aucroc=0.8068
[-] VALID [06/60] | L=0.7053 | Ls=0.9142 | Ls=0.0030 | Lsc=1.6225 | acc=0.6745 | rec=0.6742 | f1=0.6628 | aucpr=0.7004 | aucroc=0.8374
[*] epoch time = 23.47s | lr = 7.776e-06

[-] TRAIN [ 7/60] | L=0.7622 | Ls=0.9236 | Ls=0.0044 | Lsc=1.6902 | acc=0.6343 | rec=0.6361 | f1=0.6291 | aucpr=0.6673 | aucroc=0.8102
[-] VALID [07/60] | L=0.7096 | Ls=0.9142 | Ls=0.0029 | Lsc=1.6267 | acc=0.6758 | rec=0.6755 | f1=0.6595 | aucpr=0.6981 | aucroc=0.8377
[*] epoch time = 23.36s | lr = 4.6656e-06

[-] TRAIN [ 8/60] | L=0.7633 | Ls=0.9230 | Ls=0.0045 | Lsc=1.6907 | acc=0.6388 | rec=0.6397 | f1=0.6316 | aucpr=0.6716 | aucroc=0.8107
[-] VALID [08/60] | L=0.6996 | Ls=0.9102 | Ls=0.0028 | Lsc=1.6125 | acc=0.6817 | rec=0.6814 | f1=0.6673 | aucpr=0.7024 | aucroc=0.8392
[*] epoch time = 24.18s | lr = 2.79936e-06

[-] TRAIN [ 9/60] | L=0.7440 | Ls=0.9214 | Ls=0.0044 | Lsc=1.6698 | acc=0.6541 | rec=0.6529 | f1=0.6479 | aucpr=0.6835 | aucroc=0.8183
[-] VALID [09/60] | L=0.7011 | Ls=0.9097 | Ls=0.0029 | Lsc=1.6137 | acc=0.6870 | rec=0.6867 | f1=0.6763 | aucpr=0.7001 | aucroc=0.8380
[*] epoch time = 24.13s | lr = 1.679616e-06

[-] TRAIN [10/60] | L=0.7390 | Ls=0.9190 | Ls=0.0044 | Lsc=1.6624 | acc=0.6600 | rec=0.6605 | f1=0.6552 | aucpr=0.6850 | aucroc=0.8229
[-] VALID [10/60] | L=0.7024 | Ls=0.9107 | Ls=0.0028 | Lsc=1.6159 | acc=0.6843 | rec=0.6840 | f1=0.6750 | aucpr=0.7005 | aucroc=0.8391
[*] epoch time = 23.00s | lr = 1.0077696e-06

[-] TRAIN [11/60] | L=0.7458 | Ls=0.9172 | Ls=0.0045 | Lsc=1.6674 | acc=0.6593 | rec=0.6587 | f1=0.6534 | aucpr=0.6774 | aucroc=0.8187
[-] VALID [11/60] | L=0.7089 | Ls=0.9092 | Ls=0.0028 | Lsc=1.6209 | acc=0.6765 | rec=0.6761 | f1=0.6618 | aucpr=0.7019 | aucroc=0.8394
[*] epoch time = 23.57s | lr = 6.0466176e-07

[-] TRAIN [12/60] | L=0.7448 | Ls=0.9177 | Ls=0.0044 | Lsc=1.6669 | acc=0.6607 | rec=0.6595 | f1=0.6541 | aucpr=0.6772 | aucroc=0.8183
[-] VALID [12/60] | L=0.6953 | Ls=0.9072 | Ls=0.0027 | Lsc=1.6053 | acc=0.6857 | rec=0.6854 | f1=0.6751 | aucpr=0.7031 | aucroc=0.8394
[*] epoch time = 23.53s | lr = 3.62797056e-07

[-] TRAIN [13/60] | L=0.7513 | Ls=0.9192 | Ls=0.0044 | Lsc=1.6749 | acc=0.6539 | rec=0.6552 | f1=0.6490 | aucpr=0.6799 | aucroc=0.8161
[-] VALID [13/60] | L=0.7083 | Ls=0.9070 | Ls=0.0029 | Lsc=1.6182 | acc=0.6778 | rec=0.6775 | f1=0.6658 | aucpr=0.7032 | aucroc=0.8399
[*] epoch time = 22.96s | lr = 2.176782336e-07

[-] TRAIN [14/60] | L=0.7456 | Ls=0.9181 | Ls=0.0044 | Lsc=1.6680 | acc=0.6615 | rec=0.6603 | f1=0.6558 | aucpr=0.6790 | aucroc=0.8186
[-] VALID [14/60] | L=0.6957 | Ls=0.9052 | Ls=0.0027 | Lsc=1.6037 | acc=0.6883 | rec=0.6880 | f1=0.6776 | aucpr=0.7052 | aucroc=0.8403
[*] epoch time = 24.53s | lr = 1.3060694016e-07

[-] TRAIN [15/60] | L=0.7532 | Ls=0.9178 | Ls=0.0044 | Lsc=1.6754 | acc=0.6561 | rec=0.6558 | f1=0.6499 | aucpr=0.6760 | aucroc=0.8147
[-] VALID [15/60] | L=0.7018 | Ls=0.9071 | Ls=0.0028 | Lsc=1.6117 | acc=0.6850 | rec=0.6847 | f1=0.6739 | aucpr=0.7035 | aucroc=0.8405
[*] epoch time = 23.10s | lr = 7.836416409599999e-08

[-] TRAIN [16/60] | L=0.7478 | Ls=0.9185 | Ls=0.0045 | Lsc=1.6707 | acc=0.6634 | rec=0.6652 | f1=0.6588 | aucpr=0.6786 | aucroc=0.8192
[-] VALID [16/60] | L=0.7002 | Ls=0.9065 | Ls=0.0029 | Lsc=1.6096 | acc=0.6883 | rec=0.6880 | f1=0.6747 | aucpr=0.7049 | aucroc=0.8403
[*] epoch time = 26.08s | lr = 4.701849845759999e-08

[-] TRAIN [17/60] | L=0.7372 | Ls=0.9178 | Ls=0.0044 | Lsc=1.6594 | acc=0.6618 | rec=0.6630 | f1=0.6565 | aucpr=0.6891 | aucroc=0.8230
[-] VALID [17/60] | L=0.7016 | Ls=0.9106 | Ls=0.0028 | Lsc=1.6150 | acc=0.6850 | rec=0.6847 | f1=0.6685 | aucpr=0.6996 | aucroc=0.8394
[*] epoch time = 24.48s | lr = 2.8211099074559995e-08

[-] TRAIN [18/60] | L=0.7317 | Ls=0.9170 | Ls=0.0045 | Lsc=1.6532 | acc=0.6737 | rec=0.6713 | f1=0.6674 | aucpr=0.6884 | aucroc=0.8246
[-] VALID [18/60] | L=0.6979 | Ls=0.9063 | Ls=0.0026 | Lsc=1.6067 | acc=0.6922 | rec=0.6919 | f1=0.6829 | aucpr=0.7034 | aucroc=0.8399
[*] epoch time = 23.50s | lr = 1.6926659444735996e-08

[-] TRAIN [19/60] | L=0.7489 | Ls=0.9177 | Ls=0.0044 | Lsc=1.6710 | acc=0.6534 | rec=0.6540 | f1=0.6479 | aucpr=0.6757 | aucroc=0.8179
[-] VALID [19/60] | L=0.6984 | Ls=0.9099 | Ls=0.0027 | Lsc=1.6110 | acc=0.6863 | rec=0.6860 | f1=0.6739 | aucpr=0.7004 | aucroc=0.8396
[*] epoch time = 22.91s | lr = 1.0155995666841597e-08

[-] TRAIN [20/60] | L=0.7468 | Ls=0.9171 | Ls=0.0045 | Lsc=1.6684 | acc=0.6562 | rec=0.6544 | f1=0.6484 | aucpr=0.6809 | aucroc=0.8178
[-] VALID [20/60] | L=0.6960 | Ls=0.9091 | Ls=0.0029 | Lsc=1.6080 | acc=0.6824 | rec=0.6821 | f1=0.6717 | aucpr=0.7035 | aucroc=0.8405
[*] epoch time = 22.42s | lr = 6.093597400104958e-09

[-] TRAIN [21/60] | L=0.7450 | Ls=0.9175 | Ls=0.0045 | Lsc=1.6670 | acc=0.6526 | rec=0.6508 | f1=0.6466 | aucpr=0.6823 | aucroc=0.8174
[-] VALID [21/60] | L=0.7030 | Ls=0.9083 | Ls=0.0029 | Lsc=1.6141 | acc=0.6850 | rec=0.6847 | f1=0.6726 | aucpr=0.7025 | aucroc=0.8401
[*] epoch time = 22.37s | lr = 3.656158440062975e-09

[-] TRAIN [22/60] | L=0.7445 | Ls=0.9177 | Ls=0.0044 | Lsc=1.6666 | acc=0.6587 | rec=0.6586 | f1=0.6532 | aucpr=0.6811 | aucroc=0.8211
[-] VALID [22/60] | L=0.6994 | Ls=0.9061 | Ls=0.0028 | Lsc=1.6084 | acc=0.6843 | rec=0.6840 | f1=0.6707 | aucpr=0.7044 | aucroc=0.8406
[*] epoch time = 22.89s | lr = 2.193695064037785e-09

[-] TRAIN [23/60] | L=0.7416 | Ls=0.9170 | Ls=0.0044 | Lsc=1.6630 | acc=0.6636 | rec=0.6639 | f1=0.6577 | aucpr=0.6789 | aucroc=0.8211
[-] VALID [23/60] | L=0.6984 | Ls=0.9078 | Ls=0.0030 | Lsc=1.6092 | acc=0.6876 | rec=0.6873 | f1=0.6790 | aucpr=0.7047 | aucroc=0.8410
[*] epoch time = 22.28s | lr = 1.3162170384226709e-09

[-] TRAIN [24/60] | L=0.7483 | Ls=0.9167 | Ls=0.0044 | Lsc=1.6695 | acc=0.6555 | rec=0.6544 | f1=0.6494 | aucpr=0.6733 | aucroc=0.8184
[-] VALID [24/60] | L=0.6997 | Ls=0.9076 | Ls=0.0028 | Lsc=1.6101 | acc=0.6811 | rec=0.6808 | f1=0.6687 | aucpr=0.7032 | aucroc=0.8403
[*] epoch time = 22.62s | lr = 7.897302230536025e-10

[-] TRAIN [25/60] | L=0.7577 | Ls=0.9189 | Ls=0.0045 | Lsc=1.6811 | acc=0.6439 | rec=0.6454 | f1=0.6388 | aucpr=0.6737 | aucroc=0.8139
[-] VALID [25/60] | L=0.6958 | Ls=0.9072 | Ls=0.0028 | Lsc=1.6058 | acc=0.6863 | rec=0.6860 | f1=0.6750 | aucpr=0.7043 | aucroc=0.8407
[*] epoch time = 22.66s | lr = 4.738381338321615e-10

[-] TRAIN [26/60] | L=0.7448 | Ls=0.9186 | Ls=0.0044 | Lsc=1.6678 | acc=0.6529 | rec=0.6529 | f1=0.6476 | aucpr=0.6784 | aucroc=0.8188
[-] VALID [26/60] | L=0.6957 | Ls=0.9062 | Ls=0.0029 | Lsc=1.6048 | acc=0.6870 | rec=0.6867 | f1=0.6747 | aucpr=0.7052 | aucroc=0.8407
[*] epoch time = 23.03s | lr = 2.843028802992969e-10

[-] TRAIN [27/60] | L=0.7566 | Ls=0.9179 | Ls=0.0046 | Lsc=1.6791 | acc=0.6506 | rec=0.6507 | f1=0.6457 | aucpr=0.6727 | aucroc=0.8136
[-] VALID [27/60] | L=0.6981 | Ls=0.9067 | Ls=0.0028 | Lsc=1.6076 | acc=0.6830 | rec=0.6827 | f1=0.6673 | aucpr=0.7040 | aucroc=0.8411
[*] epoch time = 23.19s | lr = 1.7058172817957813e-10

[-] TRAIN [28/60] | L=0.7526 | Ls=0.9179 | Ls=0.0044 | Lsc=1.6748 | acc=0.6494 | rec=0.6530 | f1=0.6449 | aucpr=0.6734 | aucroc=0.8160
[-] VALID [28/60] | L=0.6959 | Ls=0.9056 | Ls=0.0029 | Lsc=1.6045 | acc=0.6863 | rec=0.6860 | f1=0.6748 | aucpr=0.7051 | aucroc=0.8408
[*] epoch time = 23.17s | lr = 1.0234903690774688e-10

[-] TRAIN [29/60] | L=0.7479 | Ls=0.9180 | Ls=0.0044 | Lsc=1.6703 | acc=0.6512 | rec=0.6506 | f1=0.6455 | aucpr=0.6787 | aucroc=0.8176
[-] VALID [29/60] | L=0.7022 | Ls=0.9121 | Ls=0.0028 | Lsc=1.6170 | acc=0.6863 | rec=0.6860 | f1=0.6738 | aucpr=0.6983 | aucroc=0.8386
[*] epoch time = 23.43s | lr = 6.140942214464813e-11

[-] TRAIN [30/60] | L=0.7331 | Ls=0.9162 | Ls=0.0044 | Lsc=1.6537 | acc=0.6660 | rec=0.6642 | f1=0.6601 | aucpr=0.6859 | aucroc=0.8254
[-] VALID [30/60] | L=0.6999 | Ls=0.9095 | Ls=0.0029 | Lsc=1.6124 | acc=0.6811 | rec=0.6808 | f1=0.6709 | aucpr=0.7011 | aucroc=0.8397
[*] epoch time = 24.56s | lr = 3.6845653286788874e-11

[-] TRAIN [31/60] | L=0.7434 | Ls=0.9164 | Ls=0.0045 | Lsc=1.6643 | acc=0.6627 | rec=0.6634 | f1=0.6576 | aucpr=0.6831 | aucroc=0.8219
[-] VALID [31/60] | L=0.6980 | Ls=0.9072 | Ls=0.0028 | Lsc=1.6080 | acc=0.6830 | rec=0.6827 | f1=0.6715 | aucpr=0.7032 | aucroc=0.8399
[*] epoch time = 23.78s | lr = 2.2107391972073325e-11

[-] TRAIN [32/60] | L=0.7433 | Ls=0.9172 | Ls=0.0044 | Lsc=1.6648 | acc=0.6620 | rec=0.6614 | f1=0.6554 | aucpr=0.6804 | aucroc=0.8216
[-] VALID [32/60] | L=0.7040 | Ls=0.9096 | Ls=0.0027 | Lsc=1.6162 | acc=0.6863 | rec=0.6860 | f1=0.6725 | aucpr=0.7015 | aucroc=0.8402
[*] epoch time = 23.66s | lr = 1.3264435183243994e-11

[-] TRAIN [33/60] | L=0.7536 | Ls=0.9191 | Ls=0.0044 | Lsc=1.6772 | acc=0.6540 | rec=0.6554 | f1=0.6481 | aucpr=0.6754 | aucroc=0.8156
[-] VALID [33/60] | L=0.6968 | Ls=0.9061 | Ls=0.0028 | Lsc=1.6058 | acc=0.6843 | rec=0.6841 | f1=0.6717 | aucpr=0.7041 | aucroc=0.8409
[*] epoch time = 26.64s | lr = 7.958661109946396e-12

[-] TRAIN [34/60] | L=0.7399 | Ls=0.9180 | Ls=0.0044 | Lsc=1.6623 | acc=0.6650 | rec=0.6648 | f1=0.6587 | aucpr=0.6841 | aucroc=0.8219
[-] VALID [34/60] | L=0.6978 | Ls=0.9075 | Ls=0.0028 | Lsc=1.6082 | acc=0.6850 | rec=0.6847 | f1=0.6758 | aucpr=0.7039 | aucroc=0.8403
[*] epoch time = 24.89s | lr = 4.775196665967838e-12

[-] TRAIN [35/60] | L=0.7420 | Ls=0.9167 | Ls=0.0045 | Lsc=1.6633 | acc=0.6625 | rec=0.6601 | f1=0.6551 | aucpr=0.6840 | aucroc=0.8203
[-] VALID [35/60] | L=0.6986 | Ls=0.9081 | Ls=0.0028 | Lsc=1.6094 | acc=0.6883 | rec=0.6880 | f1=0.6746 | aucpr=0.7029 | aucroc=0.8402
[*] epoch time = 27.15s | lr = 2.8651179995807025e-12

[-] TRAIN [36/60] | L=0.7388 | Ls=0.9170 | Ls=0.0044 | Lsc=1.6602 | acc=0.6731 | rec=0.6718 | f1=0.6671 | aucpr=0.6833 | aucroc=0.8221
[-] VALID [36/60] | L=0.7012 | Ls=0.9067 | Ls=0.0028 | Lsc=1.6106 | acc=0.6785 | rec=0.6781 | f1=0.6670 | aucpr=0.7050 | aucroc=0.8405
[*] epoch time = 25.40s | lr = 1.7190707997484215e-12

[-] TRAIN [37/60] | L=0.7446 | Ls=0.9170 | Ls=0.0044 | Lsc=1.6660 | acc=0.6603 | rec=0.6599 | f1=0.6547 | aucpr=0.6803 | aucroc=0.8197
[-] VALID [37/60] | L=0.6982 | Ls=0.9067 | Ls=0.0029 | Lsc=1.6078 | acc=0.6902 | rec=0.6899 | f1=0.6797 | aucpr=0.7043 | aucroc=0.8408
[*] epoch time = 24.05s | lr = 1.0314424798490528e-12

[-] TRAIN [38/60] | L=0.7539 | Ls=0.9178 | Ls=0.0044 | Lsc=1.6761 | acc=0.6592 | rec=0.6610 | f1=0.6538 | aucpr=0.6732 | aucroc=0.8167
[-] VALID [38/60] | L=0.6968 | Ls=0.9064 | Ls=0.0028 | Lsc=1.6059 | acc=0.6857 | rec=0.6854 | f1=0.6725 | aucpr=0.7043 | aucroc=0.8406
[*] epoch time = 24.10s | lr = 6.188654879094317e-13

[-] TRAIN [39/60] | L=0.7404 | Ls=0.9169 | Ls=0.0044 | Lsc=1.6617 | acc=0.6645 | rec=0.6646 | f1=0.6593 | aucpr=0.6830 | aucroc=0.8217
[-] VALID [39/60] | L=0.6988 | Ls=0.9056 | Ls=0.0029 | Lsc=1.6073 | acc=0.6791 | rec=0.6788 | f1=0.6691 | aucpr=0.7050 | aucroc=0.8406
[*] epoch time = 24.16s | lr = 3.7131929274565897e-13

[-] TRAIN [40/60] | L=0.7413 | Ls=0.9167 | Ls=0.0045 | Lsc=1.6624 | acc=0.6687 | rec=0.6677 | f1=0.6624 | aucpr=0.6858 | aucroc=0.8211
[-] VALID [40/60] | L=0.6977 | Ls=0.9065 | Ls=0.0028 | Lsc=1.6070 | acc=0.6843 | rec=0.6840 | f1=0.6741 | aucpr=0.7043 | aucroc=0.8405
[*] epoch time = 24.89s | lr = 2.2279157564739538e-13

[-] TRAIN [41/60] | L=0.7462 | Ls=0.9187 | Ls=0.0044 | Lsc=1.6693 | acc=0.6604 | rec=0.6602 | f1=0.6540 | aucpr=0.6831 | aucroc=0.8186
[-] VALID [41/60] | L=0.6965 | Ls=0.9064 | Ls=0.0029 | Lsc=1.6057 | acc=0.6843 | rec=0.6840 | f1=0.6752 | aucpr=0.7046 | aucroc=0.8406
[*] epoch time = 23.24s | lr = 1.3367494538843722e-13

[-] TRAIN [42/60] | L=0.7454 | Ls=0.9183 | Ls=0.0044 | Lsc=1.6681 | acc=0.6546 | rec=0.6552 | f1=0.6492 | aucpr=0.6840 | aucroc=0.8186
[-] VALID [42/60] | L=0.6995 | Ls=0.9075 | Ls=0.0028 | Lsc=1.6098 | acc=0.6850 | rec=0.6847 | f1=0.6759 | aucpr=0.7029 | aucroc=0.8398
[*] epoch time = 24.00s | lr = 8.020496723306233e-14

[-] TRAIN [43/60] | L=0.7453 | Ls=0.9181 | Ls=0.0044 | Lsc=1.6679 | acc=0.6586 | rec=0.6565 | f1=0.6518 | aucpr=0.6786 | aucroc=0.8200
[-] VALID [43/60] | L=0.6952 | Ls=0.9067 | Ls=0.0028 | Lsc=1.6047 | acc=0.6870 | rec=0.6867 | f1=0.6779 | aucpr=0.7054 | aucroc=0.8410
[*] epoch time = 23.29s | lr = 4.812298033983739e-14

[-] TRAIN [44/60] | L=0.7435 | Ls=0.9179 | Ls=0.0044 | Lsc=1.6658 | acc=0.6596 | rec=0.6577 | f1=0.6524 | aucpr=0.6792 | aucroc=0.8206
[-] VALID [44/60] | L=0.6994 | Ls=0.9109 | Ls=0.0029 | Lsc=1.6132 | acc=0.6830 | rec=0.6827 | f1=0.6703 | aucpr=0.7013 | aucroc=0.8402
[*] epoch time = 24.38s | lr = 2.887378820390243e-14

[-] TRAIN [45/60] | L=0.7552 | Ls=0.9174 | Ls=0.0044 | Lsc=1.6770 | acc=0.6491 | rec=0.6471 | f1=0.6420 | aucpr=0.6690 | aucroc=0.8149
[-] VALID [45/60] | L=0.6986 | Ls=0.9070 | Ls=0.0028 | Lsc=1.6085 | acc=0.6850 | rec=0.6847 | f1=0.6724 | aucpr=0.7053 | aucroc=0.8413
[*] epoch time = 23.66s | lr = 1.732427292234146e-14

[-] TRAIN [46/60] | L=0.7595 | Ls=0.9182 | Ls=0.0045 | Lsc=1.6822 | acc=0.6432 | rec=0.6438 | f1=0.6375 | aucpr=0.6685 | aucroc=0.8131
[-] VALID [46/60] | L=0.6976 | Ls=0.9066 | Ls=0.0028 | Lsc=1.6070 | acc=0.6850 | rec=0.6847 | f1=0.6772 | aucpr=0.7035 | aucroc=0.8399
[*] epoch time = 22.92s | lr = 1.0394563753404874e-14

[-] TRAIN [47/60] | L=0.7483 | Ls=0.9174 | Ls=0.0044 | Lsc=1.6702 | acc=0.6543 | rec=0.6553 | f1=0.6495 | aucpr=0.6799 | aucroc=0.8185
[-] VALID [47/60] | L=0.7024 | Ls=0.9105 | Ls=0.0028 | Lsc=1.6157 | acc=0.6817 | rec=0.6814 | f1=0.6733 | aucpr=0.6996 | aucroc=0.8393
[*] epoch time = 23.02s | lr = 6.236738252042924e-15

[-] TRAIN [48/60] | L=0.7416 | Ls=0.9165 | Ls=0.0045 | Lsc=1.6626 | acc=0.6597 | rec=0.6599 | f1=0.6541 | aucpr=0.6836 | aucroc=0.8209
[-] VALID [48/60] | L=0.6945 | Ls=0.9043 | Ls=0.0029 | Lsc=1.6017 | acc=0.6870 | rec=0.6867 | f1=0.6794 | aucpr=0.7065 | aucroc=0.8407
[*] epoch time = 22.61s | lr = 3.742042951225754e-15

[-] TRAIN [49/60] | L=0.7431 | Ls=0.9169 | Ls=0.0045 | Lsc=1.6645 | acc=0.6625 | rec=0.6631 | f1=0.6576 | aucpr=0.6850 | aucroc=0.8201
[-] VALID [49/60] | L=0.6966 | Ls=0.9068 | Ls=0.0028 | Lsc=1.6061 | acc=0.6929 | rec=0.6926 | f1=0.6834 | aucpr=0.7021 | aucroc=0.8395
[*] epoch time = 23.74s | lr = 2.2452257707354522e-15

[-] TRAIN [50/60] | L=0.7365 | Ls=0.9180 | Ls=0.0044 | Lsc=1.6589 | acc=0.6615 | rec=0.6592 | f1=0.6543 | aucpr=0.6837 | aucroc=0.8225
[-] VALID [50/60] | L=0.7022 | Ls=0.9083 | Ls=0.0027 | Lsc=1.6132 | acc=0.6824 | rec=0.6821 | f1=0.6716 | aucpr=0.7019 | aucroc=0.8396
[*] epoch time = 25.77s | lr = 1.3471354624412713e-15

[-] TRAIN [51/60] | L=0.7402 | Ls=0.9177 | Ls=0.0044 | Lsc=1.6622 | acc=0.6666 | rec=0.6639 | f1=0.6595 | aucpr=0.6762 | aucroc=0.8228
[-] VALID [51/60] | L=0.7023 | Ls=0.9069 | Ls=0.0027 | Lsc=1.6118 | acc=0.6830 | rec=0.6827 | f1=0.6672 | aucpr=0.7021 | aucroc=0.8398
[*] epoch time = 23.67s | lr = 8.082812774647627e-16

[-] TRAIN [52/60] | L=0.7523 | Ls=0.9164 | Ls=0.0045 | Lsc=1.6732 | acc=0.6601 | rec=0.6612 | f1=0.6564 | aucpr=0.6786 | aucroc=0.8172
[-] VALID [52/60] | L=0.6966 | Ls=0.9052 | Ls=0.0029 | Lsc=1.6047 | acc=0.6870 | rec=0.6867 | f1=0.6755 | aucpr=0.7039 | aucroc=0.8402
[*] epoch time = 22.96s | lr = 4.849687664788576e-16

[-] TRAIN [53/60] | L=0.7508 | Ls=0.9172 | Ls=0.0044 | Lsc=1.6724 | acc=0.6571 | rec=0.6563 | f1=0.6507 | aucpr=0.6754 | aucroc=0.8171
[-] VALID [53/60] | L=0.6956 | Ls=0.9071 | Ls=0.0028 | Lsc=1.6055 | acc=0.6870 | rec=0.6867 | f1=0.6768 | aucpr=0.7040 | aucroc=0.8404
[*] epoch time = 22.78s | lr = 2.9098125988731454e-16

[-] TRAIN [54/60] | L=0.7531 | Ls=0.9168 | Ls=0.0045 | Lsc=1.6745 | acc=0.6512 | rec=0.6520 | f1=0.6457 | aucpr=0.6790 | aucroc=0.8181
[-] VALID [54/60] | L=0.7000 | Ls=0.9074 | Ls=0.0027 | Lsc=1.6102 | acc=0.6883 | rec=0.6880 | f1=0.6760 | aucpr=0.7035 | aucroc=0.8402
[*] epoch time = 23.32s | lr = 1.7458875593238872e-16

[-] TRAIN [55/60] | L=0.7469 | Ls=0.9175 | Ls=0.0044 | Lsc=1.6688 | acc=0.6587 | rec=0.6594 | f1=0.6531 | aucpr=0.6835 | aucroc=0.8183
[-] VALID [55/60] | L=0.6946 | Ls=0.9061 | Ls=0.0029 | Lsc=1.6035 | acc=0.6804 | rec=0.6801 | f1=0.6725 | aucpr=0.7055 | aucroc=0.8406
[*] epoch time = 22.35s | lr = 1.0475325355943323e-16

[-] TRAIN [56/60] | L=0.7468 | Ls=0.9167 | Ls=0.0044 | Lsc=1.6680 | acc=0.6594 | rec=0.6587 | f1=0.6532 | aucpr=0.6775 | aucroc=0.8183
[-] VALID [56/60] | L=0.6951 | Ls=0.9067 | Ls=0.0028 | Lsc=1.6045 | acc=0.6870 | rec=0.6867 | f1=0.6754 | aucpr=0.7051 | aucroc=0.8407
[*] epoch time = 22.76s | lr = 6.285195213565994e-17

[-] TRAIN [57/60] | L=0.7462 | Ls=0.9178 | Ls=0.0044 | Lsc=1.6684 | acc=0.6564 | rec=0.6576 | f1=0.6516 | aucpr=0.6800 | aucroc=0.8203
[-] VALID [57/60] | L=0.6984 | Ls=0.9076 | Ls=0.0027 | Lsc=1.6088 | acc=0.6902 | rec=0.6900 | f1=0.6781 | aucpr=0.7031 | aucroc=0.8402
[*] epoch time = 23.62s | lr = 3.771117128139596e-17

[-] TRAIN [58/60] | L=0.7418 | Ls=0.9164 | Ls=0.0044 | Lsc=1.6626 | acc=0.6641 | rec=0.6638 | f1=0.6593 | aucpr=0.6857 | aucroc=0.8220
[-] VALID [58/60] | L=0.6932 | Ls=0.9081 | Ls=0.0029 | Lsc=1.6042 | acc=0.6896 | rec=0.6893 | f1=0.6796 | aucpr=0.7038 | aucroc=0.8399
[*] epoch time = 23.24s | lr = 2.2626702768837574e-17

[-] TRAIN [59/60] | L=0.7540 | Ls=0.9171 | Ls=0.0044 | Lsc=1.6756 | acc=0.6508 | rec=0.6505 | f1=0.6458 | aucpr=0.6771 | aucroc=0.8156
[-] VALID [59/60] | L=0.7051 | Ls=0.9090 | Ls=0.0027 | Lsc=1.6169 | acc=0.6739 | rec=0.6735 | f1=0.6559 | aucpr=0.7016 | aucroc=0.8401
[*] epoch time = 24.12s | lr = 1.3576021661302543e-17

[-] TRAIN [60/60] | L=0.7448 | Ls=0.9168 | Ls=0.0045 | Lsc=1.6661 | acc=0.6614 | rec=0.6585 | f1=0.6543 | aucpr=0.6806 | aucroc=0.8196
[-] VALID [60/60] | L=0.6962 | Ls=0.9084 | Ls=0.0028 | Lsc=1.6075 | acc=0.6876 | rec=0.6873 | f1=0.6745 | aucpr=0.7017 | aucroc=0.8397
[*] epoch time = 22.54s | lr = 8.145612996781525e-18

[>] Best Valid -------------------------------------------------
[+] acc=0.6929
[+] rec=0.6926
[+] f1=0.6834
[+] aucpr=0.7065
[+] aucroc=0.8413

[*] Fini! -----------------------------------------------------
[!] total time = 0:23:43.520641s
