>>>>    Running on input feature WM \ model name enet27 \ dataset Affectnet-WM-RR      >>>>>
******************************************************
>> Loading base dataset
>> Loading model
Load model pretrained_models/WM/enet27.pt with pre-trained weights with deivce
Change new classifier at classifier layer
>> Loading optimizer, criterition, logger
[>] Begin Fine tuning ------------------------------------------
----- Freeze base architecture for fine tuning ------
[-] TRAIN [01/5] | loss=814.4359 | acc=0.4318 | rec=0.4318 | f1=0.3929 | aucpr=0.4668 | aucroc=0.6325
[-] VALIDATING [01/5] | loss=814.0110 | acc=0.5422 | rec=0.5423 | f1=0.5424 | aucpr=0.5761 | aucroc=0.7411
-------Save model with tag acc at epoch 1 at models/Affectnet-WM-RR/Mar21_12-08-45LAP13528s-MacBook-Pro.local/enet27_acc.pt
-------Save model with tag rec at epoch 1 at models/Affectnet-WM-RR/Mar21_12-08-45LAP13528s-MacBook-Pro.local/enet27_rec.pt
[*] epoch time = 1283.57s | lr = 0.0001

[-] TRAIN [02/5] | loss=813.8356 | acc=0.4943 | rec=0.4943 | f1=0.4978 | aucpr=0.5128 | aucroc=0.6872
[-] VALIDATING [02/5] | loss=813.7541 | acc=0.5226 | rec=0.5225 | f1=0.4737 | aucpr=0.5741 | aucroc=0.7400
[*] epoch time = 1423.86s | lr = 0.0001

[-] TRAIN [03/5] | loss=813.7254 | acc=0.4936 | rec=0.4936 | f1=0.4709 | aucpr=0.5179 | aucroc=0.6956
[-] VALIDATING [03/5] | loss=813.7021 | acc=0.5232 | rec=0.5232 | f1=0.4893 | aucpr=0.5724 | aucroc=0.7447
[*] epoch time = 2157.30s | lr = 0.0001

[-] TRAIN [04/5] | loss=813.6678 | acc=0.5175 | rec=0.5175 | f1=0.4918 | aucpr=0.5327 | aucroc=0.7098
[-] VALIDATING [04/5] | loss=813.6322 | acc=0.5540 | rec=0.5538 | f1=0.5140 | aucpr=0.5736 | aucroc=0.7448
-------Save model with tag acc at epoch 4 at models/Affectnet-WM-RR/Mar21_12-08-45LAP13528s-MacBook-Pro.local/enet27_acc.pt
-------Save model with tag rec at epoch 4 at models/Affectnet-WM-RR/Mar21_12-08-45LAP13528s-MacBook-Pro.local/enet27_rec.pt
[*] epoch time = 1998.68s | lr = 0.0001

[-] TRAIN [05/5] | loss=813.6168 | acc=0.5332 | rec=0.5331 | f1=0.4995 | aucpr=0.5440 | aucroc=0.7185
[-] VALIDATING [05/5] | loss=813.5911 | acc=0.5625 | rec=0.5623 | f1=0.5337 | aucpr=0.5825 | aucroc=0.7492
-------Save model with tag acc at epoch 5 at models/Affectnet-WM-RR/Mar21_12-08-45LAP13528s-MacBook-Pro.local/enet27_acc.pt
-------Save model with tag rec at epoch 5 at models/Affectnet-WM-RR/Mar21_12-08-45LAP13528s-MacBook-Pro.local/enet27_rec.pt
[*] epoch time = 1660.11s | lr = 0.0001

[>] Begin Training ---------------------------------------------
----- Unfreeze whole architecture for fine tuning ------
[-] TRAIN [01/30] | loss=736.4727 | acc=0.5767 | rec=0.5766 | f1=0.5238 | aucpr=0.5882 | aucroc=0.7563
[-] VALIDATING [01/30] | loss=662.6841 | acc=0.6149 | rec=0.6145 | f1=0.5427 | aucpr=0.6288 | aucroc=0.7826
-------Save model with tag acc at epoch 1 at models/Affectnet-WM-RR/Mar21_12-08-45LAP13528s-MacBook-Pro.local/enet27_acc.pt
-------Save model with tag rec at epoch 1 at models/Affectnet-WM-RR/Mar21_12-08-45LAP13528s-MacBook-Pro.local/enet27_rec.pt
[*] epoch time = 8441.86s | lr = 0.0001

